<?xml version="1.0" encoding="UTF-8"?>
<testng-results skipped="0" failed="0" total="1" passed="1">
  <reporter-output>
  </reporter-output>
  <suite name="Default suite" duration-ms="1338" started-at="2015-08-24T14:37:19Z" finished-at="2015-08-24T14:37:21Z">
    <groups>
    </groups>
    <test name="Default test" duration-ms="1338" started-at="2015-08-24T14:37:19Z" finished-at="2015-08-24T14:37:21Z">
      <class name="processcontrol.core.interpreter.test.ProcessBeanTest">
        <test-method status="PASS" signature="processBeanTestComplex()[pri:0, instance:processcontrol.core.interpreter.test.ProcessBeanTest@1cd072a9]" name="processBeanTestComplex" duration-ms="1316" started-at="2015-08-24T16:37:19Z" finished-at="2015-08-24T16:37:21Z">
          <reporter-output>
          </reporter-output>
        </test-method> <!-- processBeanTestComplex -->
      </class> <!-- processcontrol.core.interpreter.test.ProcessBeanTest -->
    </test> <!-- Default test -->
  </suite> <!-- Default suite -->
</testng-results>
