<?xml version="1.0" encoding="UTF-8"?>
<testng-results skipped="0" failed="0" total="1" passed="1">
  <reporter-output>
  </reporter-output>
  <suite name="Default suite" duration-ms="2014" started-at="2015-08-12T14:06:36Z" finished-at="2015-08-12T14:06:38Z">
    <groups>
    </groups>
    <test name="Default test" duration-ms="2014" started-at="2015-08-12T14:06:36Z" finished-at="2015-08-12T14:06:38Z">
      <class name="processcontrol.core.interpreter.test.ProcessBeanTest">
        <test-method status="PASS" signature="processBeanStressTestComplex()[pri:0, instance:processcontrol.core.interpreter.test.ProcessBeanTest@7bb58ca3]" name="processBeanStressTestComplex" duration-ms="1984" started-at="2015-08-12T16:06:36Z" finished-at="2015-08-12T16:06:38Z">
          <reporter-output>
          </reporter-output>
        </test-method> <!-- processBeanStressTestComplex -->
      </class> <!-- processcontrol.core.interpreter.test.ProcessBeanTest -->
    </test> <!-- Default test -->
  </suite> <!-- Default suite -->
</testng-results>
