<?xml version="1.0" encoding="UTF-8"?>
<!-- Generated by org.testng.reporters.JUnitXMLReporter -->
<testsuite hostname="LGMTR-PC" name="Default test" tests="2" failures="0" timestamp="16 Aug 2015 22:00:18 GMT" time="1.511" errors="0">
  <testcase name="processBeanTestComplex" time="0.282" classname="processcontrol.core.interpreter.test.ProcessBeanTest"/>
  <testcase name="processBeanTestSimple" time="0.047" classname="processcontrol.core.interpreter.test.ProcessBeanTest"/>
</testsuite> <!-- Default test -->
