<?xml version="1.0" encoding="UTF-8"?>
<testng-results skipped="0" failed="0" total="3" passed="3">
  <reporter-output>
  </reporter-output>
  <suite name="Default suite" duration-ms="466" started-at="2015-08-10T14:04:49Z" finished-at="2015-08-10T14:04:50Z">
    <groups>
    </groups>
    <test name="Default test" duration-ms="466" started-at="2015-08-10T14:04:49Z" finished-at="2015-08-10T14:04:50Z">
      <class name="processcontrol.core.interpreter.test.ProcessBeanTest">
        <test-method status="PASS" signature="processBeanStressTestComplex()[pri:0, instance:processcontrol.core.interpreter.test.ProcessBeanTest@1134affc]" name="processBeanStressTestComplex" duration-ms="371" started-at="2015-08-10T16:04:50Z" finished-at="2015-08-10T16:04:50Z">
          <reporter-output>
          </reporter-output>
        </test-method> <!-- processBeanStressTestComplex -->
        <test-method status="PASS" signature="processBeanTestComplex()[pri:0, instance:processcontrol.core.interpreter.test.ProcessBeanTest@1134affc]" name="processBeanTestComplex" duration-ms="34" started-at="2015-08-10T16:04:50Z" finished-at="2015-08-10T16:04:50Z">
          <reporter-output>
          </reporter-output>
        </test-method> <!-- processBeanTestComplex -->
        <test-method status="PASS" signature="processBeanTestSimple()[pri:0, instance:processcontrol.core.interpreter.test.ProcessBeanTest@1134affc]" name="processBeanTestSimple" duration-ms="41" started-at="2015-08-10T16:04:50Z" finished-at="2015-08-10T16:04:50Z">
          <reporter-output>
          </reporter-output>
        </test-method> <!-- processBeanTestSimple -->
      </class> <!-- processcontrol.core.interpreter.test.ProcessBeanTest -->
    </test> <!-- Default test -->
  </suite> <!-- Default suite -->
</testng-results>
