<?xml version="1.0" encoding="UTF-8"?>
<!-- Generated by org.testng.reporters.JUnitXMLReporter -->
<testsuite hostname="LGMTR-PC" name="Default test" tests="3" failures="0" timestamp="10 Aug 2015 14:04:50 GMT" time="0.466" errors="0">
  <testcase name="processBeanStressTestComplex" time="0.371" classname="processcontrol.core.interpreter.test.ProcessBeanTest"/>
  <testcase name="processBeanTestComplex" time="0.034" classname="processcontrol.core.interpreter.test.ProcessBeanTest"/>
  <testcase name="processBeanTestSimple" time="0.041" classname="processcontrol.core.interpreter.test.ProcessBeanTest"/>
</testsuite> <!-- Default test -->
